2025-03-15 20:30:23,933 - INFO - get_user_by_id called - / - GET
2025-03-15 20:30:23,933 - INFO - get_user_by_id finished - / - GET
2025-03-15 20:30:59,527 - INFO - get_user_by_id called - / - GET
2025-03-15 20:30:59,528 - INFO - get_user_by_id finished - / - GET
2025-03-15 20:31:08,730 - INFO - get_user_by_id called - / - GET
2025-03-15 20:31:08,731 - INFO - get_user_by_id finished - / - GET
2025-03-15 20:31:36,356 - INFO - get_user_by_id called - / - GET
2025-03-15 20:31:36,356 - INFO - get_user_by_id finished - / - GET
2025-03-15 20:40:47,447 - INFO - get_user_by_id called - / - GET
2025-03-15 20:40:47,447 - INFO - get_user_by_id finished - / - GET
2025-03-15 20:40:48,656 - INFO - get_index called - / - GET
2025-03-15 20:40:48,656 - INFO - get_index finished - / - GET
2025-03-15 20:58:48,889 - INFO - get_users called - / - GET
2025-03-15 20:58:48,889 - INFO - get_users finished - / - GET
2025-03-15 21:11:59,619 - INFO - get_user_by_name called - / - GET
2025-03-15 21:11:59,619 - INFO - get_user_by_name finished - / - GET
2025-03-15 21:13:21,260 - INFO - get_user_by_name called - / - GET
2025-03-15 21:13:21,261 - INFO - get_user_by_name finished - / - GET
2025-03-15 21:20:46,275 - INFO - get_sub_by_name called - / - GET
2025-03-15 21:20:46,275 - INFO - get_sub_by_name finished - / - GET
2025-03-15 21:35:12,386 - INFO - get_user called - / - GET
2025-03-15 21:35:12,386 - INFO - get_user finished - / - GET
2025-03-15 21:35:50,432 - INFO - get_addition called - / - GET
2025-03-15 21:35:50,432 - INFO - get_addition finished - / - GET
